<?xml version="1.0" encoding="UTF-8"?>
<testng-results ignored="0" total="1" passed="1" failed="0" skipped="0">
  <reporter-output>
  </reporter-output>
  <suite started-at="2024-10-15T15:29:09 IST" name="Default suite" finished-at="2024-10-15T15:29:10 IST" duration-ms="1030">
    <groups>
    </groups>
    <test started-at="2024-10-15T15:29:09 IST" name="Default test" finished-at="2024-10-15T15:29:10 IST" duration-ms="1030">
      <class name="DemoRestApi.DemoRestApi.SumValidation">
        <test-method signature="sumOfCourses()[pri:0, instance:DemoRestApi.DemoRestApi.SumValidation@26e356f0]" started-at="2024-10-15T15:29:09 IST" name="sumOfCourses" finished-at="2024-10-15T15:29:10 IST" duration-ms="993" status="PASS">
          <reporter-output>
          </reporter-output>
        </test-method> <!-- sumOfCourses -->
      </class> <!-- DemoRestApi.DemoRestApi.SumValidation -->
    </test> <!-- Default test -->
  </suite> <!-- Default suite -->
</testng-results>
